2026-02-26 10:48:20 INFO  TC_001_AccountRegistrationTest:16 - *** starting TC_001_AccountRegistrationTest ***
2026-02-26 10:48:20 INFO  TC_001_AccountRegistrationTest:16 - *** starting TC_001_AccountRegistrationTest ***
2026-02-26 10:48:20 INFO  TC_001_AccountRegistrationTest:21 - Click on My Account Link......
2026-02-26 10:48:21 INFO  TC_001_AccountRegistrationTest:21 - Click on My Account Link......
2026-02-26 10:48:21 INFO  TC_001_AccountRegistrationTest:24 - Click on Registraton Link....
2026-02-26 10:48:21 INFO  TC_001_AccountRegistrationTest:29 - Providing the cutomer details.....
2026-02-26 10:48:21 INFO  TC_001_AccountRegistrationTest:24 - Click on Registraton Link....
2026-02-26 10:48:21 INFO  TC_001_AccountRegistrationTest:29 - Providing the cutomer details.....
2026-02-26 10:48:23 INFO  TC_001_AccountRegistrationTest:46 - verifyin the expected message...
2026-02-26 10:48:23 INFO  TC_001_AccountRegistrationTest:65 - finished TC_001_AccountRegistrationTest
2026-02-26 10:48:24 INFO  TC_001_AccountRegistrationTest:46 - verifyin the expected message...
2026-02-26 10:48:24 INFO  TC_001_AccountRegistrationTest:65 - finished TC_001_AccountRegistrationTest
2026-02-26 10:52:04 INFO  TC_001_AccountRegistrationTest:16 - *** starting TC_001_AccountRegistrationTest ***
2026-02-26 10:52:04 INFO  TC_001_AccountRegistrationTest:16 - *** starting TC_001_AccountRegistrationTest ***
2026-02-26 10:52:04 INFO  TC_001_AccountRegistrationTest:21 - Click on My Account Link......
2026-02-26 10:52:04 INFO  TC_001_AccountRegistrationTest:21 - Click on My Account Link......
2026-02-26 10:52:05 INFO  TC_001_AccountRegistrationTest:24 - Click on Registraton Link....
2026-02-26 10:52:05 INFO  TC_001_AccountRegistrationTest:29 - Providing the cutomer details.....
2026-02-26 10:52:05 INFO  TC_001_AccountRegistrationTest:24 - Click on Registraton Link....
2026-02-26 10:52:05 INFO  TC_001_AccountRegistrationTest:29 - Providing the cutomer details.....
2026-02-26 10:52:08 INFO  TC_001_AccountRegistrationTest:46 - verifyin the expected message...
2026-02-26 10:52:08 INFO  TC_001_AccountRegistrationTest:65 - finished TC_001_AccountRegistrationTest
2026-02-26 10:52:08 INFO  TC_001_AccountRegistrationTest:46 - verifyin the expected message...
2026-02-26 10:52:08 INFO  TC_001_AccountRegistrationTest:65 - finished TC_001_AccountRegistrationTest
2026-02-26 11:09:01 INFO  TC_002_LoginTest:17 - ***starting TC_002_LoginTest ***
2026-02-26 11:09:01 INFO  TC_002_LoginTest:24 - Click on My Account Link......
2026-02-26 11:09:02 INFO  TC_002_LoginTest:26 - Click on login ......
2026-02-26 11:09:02 INFO  TC_002_LoginTest:31 - Providing the login info......
2026-02-26 11:09:04 INFO  TC_002_LoginTest:48 - ***Finished TC_002_LoginTest ***
2026-02-26 11:54:14 INFO  TC_003_LoginDDT:17 - ***starting TC_003_LoginTest ***
2026-02-26 11:54:14 INFO  TC_003_LoginDDT:24 - Click on My Account Link......
2026-02-26 11:54:15 INFO  TC_003_LoginDDT:26 - Click on login ......
2026-02-26 11:54:15 INFO  TC_003_LoginDDT:31 - Providing the login info......
2026-02-26 11:54:26 INFO  TC_003_LoginDDT:17 - ***starting TC_003_LoginTest ***
2026-02-26 11:54:26 INFO  TC_003_LoginDDT:24 - Click on My Account Link......
2026-02-26 11:54:26 INFO  TC_003_LoginDDT:26 - Click on login ......
2026-02-26 11:54:26 INFO  TC_003_LoginDDT:31 - Providing the login info......
2026-02-26 11:54:28 INFO  TC_003_LoginDDT:73 - ***Finished TC_003_LoginTest ***
2026-02-26 11:54:28 INFO  TC_003_LoginDDT:17 - ***starting TC_003_LoginTest ***
2026-02-26 11:54:29 INFO  TC_003_LoginDDT:24 - Click on My Account Link......
2026-02-26 11:54:29 INFO  TC_003_LoginDDT:26 - Click on login ......
2026-02-26 11:54:29 INFO  TC_003_LoginDDT:31 - Providing the login info......
2026-02-26 11:54:31 INFO  TC_003_LoginDDT:73 - ***Finished TC_003_LoginTest ***
2026-02-26 11:54:31 INFO  TC_003_LoginDDT:17 - ***starting TC_003_LoginTest ***
2026-02-26 11:54:31 INFO  TC_003_LoginDDT:24 - Click on My Account Link......
2026-02-26 11:54:31 INFO  TC_003_LoginDDT:26 - Click on login ......
2026-02-26 11:54:31 INFO  TC_003_LoginDDT:31 - Providing the login info......
2026-02-26 11:54:43 INFO  TC_003_LoginDDT:73 - ***Finished TC_003_LoginTest ***
2026-02-26 11:54:43 INFO  TC_003_LoginDDT:17 - ***starting TC_003_LoginTest ***
2026-02-26 11:54:43 INFO  TC_003_LoginDDT:24 - Click on My Account Link......
2026-02-26 11:54:45 INFO  TC_003_LoginDDT:26 - Click on login ......
2026-02-26 11:54:45 INFO  TC_003_LoginDDT:31 - Providing the login info......
2026-02-26 11:54:48 INFO  TC_003_LoginDDT:73 - ***Finished TC_003_LoginTest ***
2026-02-26 11:54:48 INFO  TC_003_LoginDDT:17 - ***starting TC_003_LoginTest ***
2026-02-26 11:54:48 INFO  TC_003_LoginDDT:24 - Click on My Account Link......
2026-02-26 11:54:49 INFO  TC_003_LoginDDT:26 - Click on login ......
2026-02-26 11:54:49 INFO  TC_003_LoginDDT:31 - Providing the login info......
2026-02-26 11:55:00 INFO  TC_003_LoginDDT:73 - ***Finished TC_003_LoginTest ***
2026-02-26 16:30:52 INFO  TC_003_LoginDDT:17 - ***starting TC_003_LoginTest ***
2026-02-26 16:30:53 INFO  TC_003_LoginDDT:24 - Click on My Account Link......
2026-02-26 16:30:53 INFO  TC_003_LoginDDT:26 - Click on login ......
2026-02-26 16:30:53 INFO  TC_003_LoginDDT:31 - Providing the login info......
2026-02-26 16:31:05 INFO  TC_003_LoginDDT:17 - ***starting TC_003_LoginTest ***
2026-02-26 16:31:05 INFO  TC_003_LoginDDT:24 - Click on My Account Link......
2026-02-26 16:31:05 INFO  TC_003_LoginDDT:26 - Click on login ......
2026-02-26 16:31:05 INFO  TC_003_LoginDDT:31 - Providing the login info......
2026-02-26 16:31:07 INFO  TC_003_LoginDDT:73 - ***Finished TC_003_LoginTest ***
2026-02-26 16:31:07 INFO  TC_003_LoginDDT:17 - ***starting TC_003_LoginTest ***
2026-02-26 16:31:07 INFO  TC_003_LoginDDT:24 - Click on My Account Link......
2026-02-26 16:31:08 INFO  TC_003_LoginDDT:26 - Click on login ......
2026-02-26 16:31:08 INFO  TC_003_LoginDDT:31 - Providing the login info......
2026-02-26 16:31:10 INFO  TC_003_LoginDDT:73 - ***Finished TC_003_LoginTest ***
2026-02-26 16:31:10 INFO  TC_003_LoginDDT:17 - ***starting TC_003_LoginTest ***
2026-02-26 16:31:11 INFO  TC_003_LoginDDT:24 - Click on My Account Link......
2026-02-26 16:31:11 INFO  TC_003_LoginDDT:26 - Click on login ......
2026-02-26 16:31:11 INFO  TC_003_LoginDDT:31 - Providing the login info......
2026-02-26 16:31:23 INFO  TC_003_LoginDDT:73 - ***Finished TC_003_LoginTest ***
2026-02-26 16:31:23 INFO  TC_003_LoginDDT:17 - ***starting TC_003_LoginTest ***
2026-02-26 16:31:23 INFO  TC_003_LoginDDT:24 - Click on My Account Link......
2026-02-26 16:31:23 INFO  TC_003_LoginDDT:26 - Click on login ......
2026-02-26 16:31:23 INFO  TC_003_LoginDDT:31 - Providing the login info......
2026-02-26 16:31:25 INFO  TC_003_LoginDDT:73 - ***Finished TC_003_LoginTest ***
2026-02-26 16:31:25 INFO  TC_003_LoginDDT:17 - ***starting TC_003_LoginTest ***
2026-02-26 16:31:26 INFO  TC_003_LoginDDT:24 - Click on My Account Link......
2026-02-26 16:31:26 INFO  TC_003_LoginDDT:26 - Click on login ......
2026-02-26 16:31:26 INFO  TC_003_LoginDDT:31 - Providing the login info......
2026-02-26 16:31:37 INFO  TC_003_LoginDDT:73 - ***Finished TC_003_LoginTest ***
2026-02-26 16:36:57 INFO  TC_002_LoginTest:17 - ***starting TC_002_LoginTest ***
2026-02-26 16:36:58 INFO  TC_002_LoginTest:24 - Click on My Account Link......
2026-02-26 16:36:58 INFO  TC_002_LoginTest:26 - Click on login ......
2026-02-26 16:36:58 INFO  TC_002_LoginTest:31 - Providing the login info......
2026-02-26 16:37:00 INFO  TC_002_LoginTest:48 - ***Finished TC_002_LoginTest ***
2026-02-26 16:37:04 INFO  TC_001_AccountRegistrationTest:16 - *** starting TC_001_AccountRegistrationTest ***
2026-02-26 16:37:05 INFO  TC_001_AccountRegistrationTest:21 - Click on My Account Link......
2026-02-26 16:37:05 INFO  TC_001_AccountRegistrationTest:24 - Click on Registraton Link....
2026-02-26 16:37:05 INFO  TC_001_AccountRegistrationTest:29 - Providing the cutomer details.....
2026-02-26 16:37:08 INFO  TC_001_AccountRegistrationTest:46 - verifyin the expected message...
2026-02-26 16:37:08 INFO  TC_001_AccountRegistrationTest:65 - finished TC_001_AccountRegistrationTest
